Loading data...
Processing data ...
DEBUG: _process_data (start) ['param', 'D', ':=', '600']
_preproCreating plugin <class 'pyomo.opt.parallel.local.SolverManager_Serial'> with name Plugin.105
Creating plugin <class 'pyomo.solvers.plugins.solvers.BARON.BARONSHELL'> with name baron
Creating plugin <class 'pyomo.repn.plugins.baron_writer.ProblemWriter_bar'> with name Plugin.107
   Pmax : Size=3, Index=G, Domain=Any, Default=None, Mutable=False
        Key : Value
          1 :   400
          2 :   300
          3 :   250
    Pmin : Size=3, Index=G, Domain=Any, Default=None, Mutable=False
        Key : Value
          1 :    20
          2 :    20
          3 :    30
    a : Size=3, Index=G, Domain=Any, Default=None, Mutable=False
        Key : Value
          1 :    20
          2 :    25
          3 :    40
    b : Size=3, Index=G, Domain=Any, Default=None, Mutable=False
        Key : Value
          1 :  0.05
          2 :   0.1
          3 :   0.2
    d : Size=3, Index=G, Domain=Any, Default=None, Mutable=False
        Key : Value
          1 :   300
          2 :   300
          3 :   100
    e : Size=3, Index=G, Domain=Any, Default=None, Mutable=False
        Key : Value
          1 :   200
          2 :   200
          3 :   100
    f : Size=3, Index=G, Domain=Any, Default=None, Mutable=False
        Key : Value
          1 :  0.01
          2 :  0.01
          3 : 0.005

1 Var Declarations
    P : Size=3, Index=G
        Key : Lower : Value : Upper : Fixed : Stale : Domain
          1 :  None :  None :  None : False :  True :  Reals
          2 :  None :  None :  None : False :  True :  Reals
          3 :  None :  None :  None : False :  True :  Reals

1 Objective Declarations
    OBJ : Size=1, Index=None, Active=True
        Key  : Active : Sense    : Expression
        None :   True : minimize : 7000 + 20*P[1] + 0.025*P[1]**2.0 + 2000*P[1] + 0.1*P[1]**2.0 + 25*P[2] + 0.05*P[2]**2.0 + 2000*P[2] + 0.1*P[2]**2.0 + 40*P[3] + 0.1*P[3]**2.0 + 1000*P[3] + 0.05*P[3]**2.0

3 Constraint Declarations
    demand : Size=3, Index=G, Active=True
        Key : Lower : Body               : Upper : Active
          1 :     D : P[1] + P[2] + P[3] :     D :   True
          2 :     D : P[1] + P[2] + P[3] :     D :   True
          3 :     D : P[1] + P[2] + P[3] :     D :   True
    maxprod : Size=3, Index=G, Active=True
        Key : Lower : Body : Upper : Active
          1 :  -Inf : P[1] : 400.0 :   True
          2 :  -Inf : P[2] : 300.0 :   True
          3 :  -Inf : P[3] : 250.0 :   True
    minprod : Size=3, Index=G, Active=True
        Key : Lower : Body : Upper : Active
          1 :  20.0 : P[1] :  +Inf :   True
          2 :  20.0 : P[2] :  +Inf :   True
          3 :  30.0 : P[3] :  +Inf :   True

14 Declarations: G a b Pmin Pmax d e f D P maxprod minprod demand OBJ

[    0.02] Applying solver
[    0.09] Processing results
    Number of solutions: 1
    Solution Information
      Gap: 99.24007599998731
      Status: optimal
      Function Value: 992500.0
    Solver results file: results.yml
[    0.09] Applying Pyomo postprocessing actions
[    0.09] Pyomo Finished
out :...:=) [1, 200, 2, 200, 3, 100]
process_data_list 1 [1, 200, 2, 200, 3, 100]
I 9, J 8, Pname f
dnp 8
np 8
kk 17, ii 10
kk 25, ii 18
kk 33, ii 26
DEBUG: _process_param(start) ['param', 'f', ':=', 1, 0.01, 2, 0.01, 3, 0.005]
DEBUG: _process_param (singledef without :...:=) [1, 0.01, 2, 0.01, 3, 0.005]
process_data_list 1 [1, 0.01, 2, 0.01, 3, 0.005]
Done.
Constructing SimpleSet 'G' on Model from data={None: [1, 2, 3]}
Constructing SimpleSet, name=G, from data={None: [1, 2, 3]}
Constructed component 'G':
G : Dim=0, Dimen=1, Size=3, Domain=None, Ordered=False, Bounds=(1, 3)
    [1, 2, 3]

Constructing IndexedParam 'a' on Model from data={1: 20, 2: 25, 3: 40}
Constructing Param, name=a, from data={1: 20, 2: 25, 3: 40}
Constructed component 'a':
a : Size=3, Index=G, Domain=Any, Default=None, Mutable=False
    Key : Value
      1 :    20
      2 :    25
      3 :    40

Constructing IndexedParam 'b' on Model from data={1: 0.05, 2: 0.1, 3: 0.2}
Constructing Param, name=b, from data={1: 0.05, 2: 0.1, 3: 0.2}
Constructed component 'b':
b : Size=3, Index=G, Domain=Any, Default=None, Mutable=False
    Key : Value
      1 :  0.05
      2 :   0.1
      3 :   0.2

Constructing IndexedParam 'Pmin' on Model from data={1: 20, 2: 20, 3: 30}
Constructing Param, name=Pmin, from data={1: 20, 2: 20, 3: 30}
Constructed component 'Pmin':
Pmin : Size=3, Index=G, Domain=Any, Default=None, Mutable=False
    Key : Value
      1 :    20
      2 :    20
      3 :    30

Constructing IndexedParam 'Pmax' on Model from data={1: 400, 2: 300, 3: 250}
Constructing Param, name=Pmax, from data={1: 400, 2: 300, 3: 250}
Constructed component 'Pmax':
Pmax : Size=3, Index=G, Domain=Any, Default=None, Mutable=False
    Key : Value
      1 :   400
      2 :   300
      3 :   250

Constructing IndexedParam 'd' on Model from data={1: 300, 2: 300, 3: 100}
Constructing Param, name=d, from data={1: 300, 2: 300, 3: 100}
Constructed component 'd':
d : Size=3, Index=G, Domain=Any, Default=None, Mutable=False
    Key : Value
      1 :   300
      2 :   300
      3 :   100

Constructing IndexedParam 'e' on Model from data={1: 200, 2: 200, 3: 100}
Constructing Param, name=e, from data={1: 200, 2: 200, 3: 100}
Constructed component 'e':
e : Size=3, Index=G, Domain=Any, Default=None, Mutable=False
    Key : Value
      1 :   200
      2 :   200
      3 :   100

Constructing IndexedParam 'f' on Model from data={1: 0.01, 2: 0.01, 3: 0.005}
Constructing Param, name=f, from data={1: 0.01, 2: 0.01, 3: 0.005}
Constructed component 'f':
f : Size=3, Index=G, Domain=Any, Default=None, Mutable=False
    Key : Value
      1 :  0.01
      2 :  0.01
      3 : 0.005

Constructing SimpleParam 'D' on Model from data={None: 600}
Constructing Param, name=D, from data={None: 600}
Constructed component 'D':
D : Size=1, Index=None, Domain=Any, Default=None, Mutable=False
    Key  : Value
    None :   600

Constructing IndexedVar 'P' on Model from data=None
Constructing Variable, name=P, from data=None
Constructed component 'P':
P : Size=3, Index=G
    Key : Lower : Value : Upper : Fixed : Stale : Domain
      1 :  None :  None :  None : False :  True :  Reals
      2 :  None :  None :  None : False :  True :  Reals
      3 :  None :  None :  None : False :  True :  Reals

Constructing IndexedConstraint 'maxprod' on Model from data=None
Constructing constraint maxprod
Constructed component 'maxprod':
maxprod : Size=3, Index=G, Active=True
    Key : Lower : Body : Upper : Active
      1 :  -Inf : P[1] : 400.0 :   True
      2 :  -Inf : P[2] : 300.0 :   True
      3 :  -Inf : P[3] : 250.0 :   True

Constructing IndexedConstraint 'minprod' on Model from data=None
Constructing constraint minprod
Constructed component 'minprod':
minprod : Size=3, Index=G, Active=True
    Key : Lower : Body : Upper : Active
      1 :  20.0 : P[1] :  +Inf :   True
      2 :  20.0 : P[2] :  +Inf :   True
      3 :  30.0 : P[3] :  +Inf :   True

Constructing IndexedConstraint 'demand' on Model from data=None
Constructing constraint demand
Constructed component 'demand':
demand : Size=3, Index=G, Active=True
    Key : Lower : Body               : Upper : Active
      1 :     D : P[1] + P[2] + P[3] :     D :   True
      2 :     D : P[1] + P[2] + P[3] :     D :   True
      3 :     D : P[1] + P[2] + P[3] :     D :   True

Constructing SimpleObjective 'OBJ' on Model from data=None
Constructing objective OBJ
Constructed component 'OBJ':
OBJ : Size=1, Index=None, Active=True
    Key  : Active : Sense    : Expression
    None :   True : minimize : 7000 + 20*P[1] + 0.025*P[1]**2.0 + 2000*P[1] + 0.1*P[1]**2.0 + 25*P[2] + 0.05*P[2]**2.0 + 2000*P[2] + 0.1*P[2]**2.0 + 40*P[3] + 0.1*P[3]**2.0 + 1000*P[3] + 0.05*P[3]**2.0

Writing model 'unknown' to file 'C:\Users\ch9fod\AppData\Local\Temp\tmp2h9w_nk9.pyomo.bar' with format bar
